<?xml version="1.0" encoding="UTF-8"?>
<!-- Generated by org.testng.reporters.JUnitXMLReporter -->
<testsuite ignored="1" hostname="PIKASAT" failures="1" tests="3" name="Test" time="0.095" errors="0" timestamp="2023-10-04T10:39:50 EDT">
  <testcase classname="testNGPackage.SkipTextCase" name="test1" time="0.01"/>
  <testcase classname="testNGPackage.SkipTextCase" name="test2" time="0.002">
    <skipped/>
  </testcase> <!-- test2 -->
  <testcase classname="testNGPackage.SkipTextCase" name="test3" time="0.019">
    <failure type="java.lang.AssertionError" message="expected [false] but found [true]">
      <![CDATA[java.lang.AssertionError: expected [false] but found [true]
at testNGPackage.SkipTextCase.test3(SkipTextCase.java:23)
at java.base/java.util.ArrayList.forEach(ArrayList.java:1511)
... Removed 34 stack frames]]>
    </failure>
  </testcase> <!-- test3 -->
  <testcase classname="testNGPackage.SkipTextCase" name="bar" time="0.0">
    <ignored/>
  </testcase> <!-- bar -->
</testsuite> <!-- Test -->
