<?xml version="1.0" encoding="UTF-8"?>
<testng-results ignored="0" total="1" passed="1" failed="0" skipped="0">
  <reporter-output>
  </reporter-output>
  <suite started-at="2023-08-30T10:57:26 EDT" name="Default suite" finished-at="2023-08-30T10:57:26 EDT" duration-ms="124">
    <groups>
    </groups>
    <test started-at="2023-08-30T10:57:26 EDT" name="Default test" finished-at="2023-08-30T10:57:26 EDT" duration-ms="124">
      <class name="testNGPackage.NewTest1">
        <test-method signature="f()[pri:0, instance:testNGPackage.NewTest1@4d154ccd]" started-at="2023-08-30T10:57:26 EDT" name="f" finished-at="2023-08-30T10:57:26 EDT" duration-ms="27" status="PASS">
          <reporter-output>
          </reporter-output>
        </test-method> <!-- f -->
      </class> <!-- testNGPackage.NewTest1 -->
    </test> <!-- Default test -->
  </suite> <!-- Default suite -->
</testng-results>
